{
  "RSpec": {
    "coverage": {
      "/Users/asadk/Projects/Makers-Course/Week1/Secret-Diary/spec/secret_diary_spec.rb": [
        1,
        null,
        1,
        9,
        null,
        1,
        1,
        2,
        null,
        null,
        null,
        1,
        1,
        2,
        null,
        null,
        null,
        1,
        1,
        1,
        2,
        null,
        null,
        1,
        1,
        1,
        2,
        null,
        null,
        1,
        1,
        2,
        null,
        null,
        null,
        1,
        1,
        1,
        2,
        null,
        null,
        1,
        1,
        2,
        null,
        null,
        1,
        1,
        2,
        null,
        null,
        null
      ],
      "/Users/asadk/Projects/Makers-Course/Week1/Secret-Diary/lib/secret_diary.rb": [
        1,
        1,
        8,
        8,
        null,
        null,
        1,
        3,
        2,
        null,
        null,
        1,
        4,
        3,
        null,
        null,
        1,
        3,
        null,
        null,
        1,
        5,
        null,
        null,
        1,
        null,
        1,
        2,
        2,
        null,
        null
      ]
    },
    "timestamp": 1547724014
  }
}
